// 重构日志: a86f90d2
// 重构日志: ce19a87b
// 重构日志: d66fe873
// 重构日志: d5e5d2e3
// 重构日志: 3370de86
// 重构日志: 44305f69
// 重构日志: b16dca44
// 同步 ID: aaea35c0 @ Sat Jul 11 14:34:37 UTC 2026
// 重构日志: 93600bcf
// 重构日志: 742f0b6e
// 重构日志: 557ec2dc
// 同步 ID: 7b74e644 @ Sun Jul 12 11:49:36 UTC 2026
// 同步 ID: e2b42d3f @ Mon Jul 13 05:40:40 UTC 2026
// 同步 ID: a7cbb412 @ Mon Jul 13 12:27:03 UTC 2026
// 同步 ID: a7b026ad @ Mon Jul 13 17:35:22 UTC 2026
// 重构日志: 6f3f16f9
// 同步 ID: 46b34bb6 @ Tue Jul 14 10:18:51 UTC 2026
// 重构日志: fac158c4
// 同步 ID: 9f8de277 @ Tue Jul 14 23:52:49 UTC 2026
// 同步 ID: ec5ddd7d @ Wed Jul 15 01:39:05 UTC 2026
// 重构日志: a954d86d
// 重构日志: e7efcb79
// 重构日志: 61ba0e68
// 重构日志: 6a2afcfe
// 同步 ID: 2233c3ae @ Wed Jul 15 22:52:09 UTC 2026
// 重构日志: 03bbc21f
// 同步 ID: 5937eee5 @ Sat Jul 18 10:50:16 UTC 2026
// 重构日志: 49f524c0
// 同步 ID: b05816e2 @ Sat Jul 18 18:04:57 UTC 2026
// 同步 ID: 6e0c6179 @ Sun Jul 19 10:37:37 UTC 2026
